<?xml version="1.0" encoding="UTF-8"?>
<testsuite xmlns:xsi="http://www.w3.org/2001/XMLSchema-instance" xsi:noNamespaceSchemaLocation="https://maven.apache.org/surefire/maven-surefire-plugin/xsd/surefire-test-report.xsd" name="omdb.demo.webserver.service.MovieClientServiceImplTest" time="6.717" tests="3" errors="0" skipped="0" failures="0">
  <properties>
    <property name="awt.toolkit" value="sun.awt.X11.XToolkit"/>
    <property name="file.encoding.pkg" value="sun.io"/>
    <property name="java.specification.version" value="1.8"/>
    <property name="sun.cpu.isalist" value=""/>
    <property name="sun.jnu.encoding" value="UTF-8"/>
    <property name="java.class.path" value="/mnt/c/Users/Modestas/Desktop/OMDB-API/target/test-classes:/mnt/c/Users/Modestas/Desktop/OMDB-API/target/classes:/home/void/.m2/repository/org/springframework/boot/spring-boot-starter-webflux/2.0.2.RELEASE/spring-boot-starter-webflux-2.0.2.RELEASE.jar:/home/void/.m2/repository/org/springframework/boot/spring-boot-starter/2.0.2.RELEASE/spring-boot-starter-2.0.2.RELEASE.jar:/home/void/.m2/repository/org/springframework/boot/spring-boot/2.0.2.RELEASE/spring-boot-2.0.2.RELEASE.jar:/home/void/.m2/repository/org/springframework/spring-context/5.0.6.RELEASE/spring-context-5.0.6.RELEASE.jar:/home/void/.m2/repository/org/springframework/spring-aop/5.0.6.RELEASE/spring-aop-5.0.6.RELEASE.jar:/home/void/.m2/repository/org/springframework/spring-expression/5.0.6.RELEASE/spring-expression-5.0.6.RELEASE.jar:/home/void/.m2/repository/org/springframework/boot/spring-boot-autoconfigure/2.0.2.RELEASE/spring-boot-autoconfigure-2.0.2.RELEASE.jar:/home/void/.m2/repository/org/springframework/boot/spring-boot-starter-logging/2.0.2.RELEASE/spring-boot-starter-logging-2.0.2.RELEASE.jar:/home/void/.m2/repository/ch/qos/logback/logback-classic/1.2.3/logback-classic-1.2.3.jar:/home/void/.m2/repository/ch/qos/logback/logback-core/1.2.3/logback-core-1.2.3.jar:/home/void/.m2/repository/org/apache/logging/log4j/log4j-to-slf4j/2.10.0/log4j-to-slf4j-2.10.0.jar:/home/void/.m2/repository/org/apache/logging/log4j/log4j-api/2.10.0/log4j-api-2.10.0.jar:/home/void/.m2/repository/org/slf4j/jul-to-slf4j/1.7.25/jul-to-slf4j-1.7.25.jar:/home/void/.m2/repository/javax/annotation/javax.annotation-api/1.3.2/javax.annotation-api-1.3.2.jar:/home/void/.m2/repository/org/yaml/snakeyaml/1.19/snakeyaml-1.19.jar:/home/void/.m2/repository/org/springframework/boot/spring-boot-starter-json/2.0.2.RELEASE/spring-boot-starter-json-2.0.2.RELEASE.jar:/home/void/.m2/repository/com/fasterxml/jackson/core/jackson-databind/2.9.5/jackson-databind-2.9.5.jar:/home/void/.m2/repository/com/fasterxml/jackson/core/jackson-annotations/2.9.0/jackson-annotations-2.9.0.jar:/home/void/.m2/repository/com/fasterxml/jackson/core/jackson-core/2.9.5/jackson-core-2.9.5.jar:/home/void/.m2/repository/com/fasterxml/jackson/datatype/jackson-datatype-jdk8/2.9.5/jackson-datatype-jdk8-2.9.5.jar:/home/void/.m2/repository/com/fasterxml/jackson/datatype/jackson-datatype-jsr310/2.9.5/jackson-datatype-jsr310-2.9.5.jar:/home/void/.m2/repository/com/fasterxml/jackson/module/jackson-module-parameter-names/2.9.5/jackson-module-parameter-names-2.9.5.jar:/home/void/.m2/repository/org/springframework/boot/spring-boot-starter-reactor-netty/2.0.2.RELEASE/spring-boot-starter-reactor-netty-2.0.2.RELEASE.jar:/home/void/.m2/repository/io/projectreactor/ipc/reactor-netty/0.7.7.RELEASE/reactor-netty-0.7.7.RELEASE.jar:/home/void/.m2/repository/io/netty/netty-codec-http/4.1.24.Final/netty-codec-http-4.1.24.Final.jar:/home/void/.m2/repository/io/netty/netty-codec/4.1.24.Final/netty-codec-4.1.24.Final.jar:/home/void/.m2/repository/io/netty/netty-handler/4.1.24.Final/netty-handler-4.1.24.Final.jar:/home/void/.m2/repository/io/netty/netty-buffer/4.1.24.Final/netty-buffer-4.1.24.Final.jar:/home/void/.m2/repository/io/netty/netty-transport/4.1.24.Final/netty-transport-4.1.24.Final.jar:/home/void/.m2/repository/io/netty/netty-resolver/4.1.24.Final/netty-resolver-4.1.24.Final.jar:/home/void/.m2/repository/io/netty/netty-handler-proxy/4.1.24.Final/netty-handler-proxy-4.1.24.Final.jar:/home/void/.m2/repository/io/netty/netty-codec-socks/4.1.24.Final/netty-codec-socks-4.1.24.Final.jar:/home/void/.m2/repository/io/netty/netty-transport-native-epoll/4.1.24.Final/netty-transport-native-epoll-4.1.24.Final-linux-x86_64.jar:/home/void/.m2/repository/io/netty/netty-common/4.1.24.Final/netty-common-4.1.24.Final.jar:/home/void/.m2/repository/io/netty/netty-transport-native-unix-common/4.1.24.Final/netty-transport-native-unix-common-4.1.24.Final.jar:/home/void/.m2/repository/org/hibernate/validator/hibernate-validator/6.0.9.Final/hibernate-validator-6.0.9.Final.jar:/home/void/.m2/repository/javax/validation/validation-api/2.0.1.Final/validation-api-2.0.1.Final.jar:/home/void/.m2/repository/org/jboss/logging/jboss-logging/3.3.2.Final/jboss-logging-3.3.2.Final.jar:/home/void/.m2/repository/com/fasterxml/classmate/1.3.4/classmate-1.3.4.jar:/home/void/.m2/repository/org/springframework/spring-web/5.0.6.RELEASE/spring-web-5.0.6.RELEASE.jar:/home/void/.m2/repository/org/springframework/spring-beans/5.0.6.RELEASE/spring-beans-5.0.6.RELEASE.jar:/home/void/.m2/repository/org/springframework/spring-webflux/5.0.6.RELEASE/spring-webflux-5.0.6.RELEASE.jar:/home/void/.m2/repository/org/synchronoss/cloud/nio-multipart-parser/1.1.0/nio-multipart-parser-1.1.0.jar:/home/void/.m2/repository/org/synchronoss/cloud/nio-stream-storage/1.1.3/nio-stream-storage-1.1.3.jar:/home/void/.m2/repository/org/springframework/boot/spring-boot-starter-test/2.0.2.RELEASE/spring-boot-starter-test-2.0.2.RELEASE.jar:/home/void/.m2/repository/org/springframework/boot/spring-boot-test/2.0.2.RELEASE/spring-boot-test-2.0.2.RELEASE.jar:/home/void/.m2/repository/org/springframework/boot/spring-boot-test-autoconfigure/2.0.2.RELEASE/spring-boot-test-autoconfigure-2.0.2.RELEASE.jar:/home/void/.m2/repository/com/jayway/jsonpath/json-path/2.4.0/json-path-2.4.0.jar:/home/void/.m2/repository/net/minidev/json-smart/2.3/json-smart-2.3.jar:/home/void/.m2/repository/net/minidev/accessors-smart/1.2/accessors-smart-1.2.jar:/home/void/.m2/repository/org/ow2/asm/asm/5.0.4/asm-5.0.4.jar:/home/void/.m2/repository/junit/junit/4.12/junit-4.12.jar:/home/void/.m2/repository/org/assertj/assertj-core/3.9.1/assertj-core-3.9.1.jar:/home/void/.m2/repository/org/mockito/mockito-core/2.15.0/mockito-core-2.15.0.jar:/home/void/.m2/repository/net/bytebuddy/byte-buddy/1.7.11/byte-buddy-1.7.11.jar:/home/void/.m2/repository/net/bytebuddy/byte-buddy-agent/1.7.11/byte-buddy-agent-1.7.11.jar:/home/void/.m2/repository/org/objenesis/objenesis/2.6/objenesis-2.6.jar:/home/void/.m2/repository/org/hamcrest/hamcrest-core/1.3/hamcrest-core-1.3.jar:/home/void/.m2/repository/org/hamcrest/hamcrest-library/1.3/hamcrest-library-1.3.jar:/home/void/.m2/repository/org/skyscreamer/jsonassert/1.5.0/jsonassert-1.5.0.jar:/home/void/.m2/repository/com/vaadin/external/google/android-json/0.0.20131108.vaadin1/android-json-0.0.20131108.vaadin1.jar:/home/void/.m2/repository/org/springframework/spring-core/5.0.6.RELEASE/spring-core-5.0.6.RELEASE.jar:/home/void/.m2/repository/org/springframework/spring-jcl/5.0.6.RELEASE/spring-jcl-5.0.6.RELEASE.jar:/home/void/.m2/repository/org/springframework/spring-test/5.0.6.RELEASE/spring-test-5.0.6.RELEASE.jar:/home/void/.m2/repository/org/xmlunit/xmlunit-core/2.5.1/xmlunit-core-2.5.1.jar:/home/void/.m2/repository/io/projectreactor/reactor-test/3.1.7.RELEASE/reactor-test-3.1.7.RELEASE.jar:/home/void/.m2/repository/io/projectreactor/reactor-core/3.1.7.RELEASE/reactor-core-3.1.7.RELEASE.jar:/home/void/.m2/repository/org/reactivestreams/reactive-streams/1.0.2/reactive-streams-1.0.2.jar:/home/void/.m2/repository/com/jongsoft/lang/collections/0.0.1/collections-0.0.1.jar:/home/void/.m2/repository/com/jongsoft/lang/commons/0.0.1/commons-0.0.1.jar:/home/void/.m2/repository/com/elypia/elypiai/path-of-exile/2.1.2/path-of-exile-2.1.2.jar:/home/void/.m2/repository/com/elypia/elypiai/common/2.1.2/common-2.1.2.jar:/home/void/.m2/repository/com/squareup/retrofit2/retrofit/2.5.0/retrofit-2.5.0.jar:/home/void/.m2/repository/com/squareup/okhttp3/okhttp/3.12.0/okhttp-3.12.0.jar:/home/void/.m2/repository/com/squareup/okio/okio/1.15.0/okio-1.15.0.jar:/home/void/.m2/repository/org/slf4j/slf4j-api/1.7.25/slf4j-api-1.7.25.jar:/home/void/.m2/repository/com/squareup/retrofit2/converter-gson/2.5.0/converter-gson-2.5.0.jar:/home/void/.m2/repository/net/kut3/json/0.3.0/json-0.3.0.jar:/home/void/.m2/repository/com/google/code/gson/gson/2.8.4/gson-2.8.4.jar:/home/void/.m2/repository/com/thoughtworks/dsl/keywords-map_sjs0.6_2.13/1.5.3+44-eb3b5144/keywords-map_sjs0.6_2.13-1.5.3+44-eb3b5144.jar:/home/void/.m2/repository/org/scala-lang/scala-library/2.13.1/scala-library-2.13.1.jar:/home/void/.m2/repository/com/thoughtworks/dsl/dsl_sjs0.6_2.13/1.5.3+44-eb3b5144/dsl_sjs0.6_2.13-1.5.3+44-eb3b5144.jar:/home/void/.m2/repository/com/thoughtworks/enableIf/enableif_2.13/1.1.7/enableif_2.13-1.1.7.jar:/home/void/.m2/repository/org/scala-lang/scala-reflect/2.13.0/scala-reflect-2.13.0.jar:/home/void/.m2/repository/org/scala-js/scalajs-library_2.13/0.6.32/scalajs-library_2.13-0.6.32.jar:"/>
    <property name="java.vm.vendor" value="Private Build"/>
    <property name="sun.arch.data.model" value="64"/>
    <property name="java.vendor.url" value="http://java.oracle.com/"/>
    <property name="user.timezone" value=""/>
    <property name="java.vm.specification.version" value="1.8"/>
    <property name="os.name" value="Linux"/>
    <property name="sun.java.launcher" value="SUN_STANDARD"/>
    <property name="sun.boot.library.path" value="/usr/lib/jvm/java-8-openjdk-amd64/jre/lib/amd64"/>
    <property name="sun.java.command" value="/mnt/c/Users/Modestas/Desktop/OMDB-API/target/surefire/surefirebooter1373292208737337958.jar /mnt/c/Users/Modestas/Desktop/OMDB-API/target/surefire 2021-03-28T16-20-24_141-jvmRun1 surefire8325080661711931402tmp surefire_02351276702503186141tmp"/>
    <property name="surefire.test.class.path" value="/mnt/c/Users/Modestas/Desktop/OMDB-API/target/test-classes:/mnt/c/Users/Modestas/Desktop/OMDB-API/target/classes:/home/void/.m2/repository/org/springframework/boot/spring-boot-starter-webflux/2.0.2.RELEASE/spring-boot-starter-webflux-2.0.2.RELEASE.jar:/home/void/.m2/repository/org/springframework/boot/spring-boot-starter/2.0.2.RELEASE/spring-boot-starter-2.0.2.RELEASE.jar:/home/void/.m2/repository/org/springframework/boot/spring-boot/2.0.2.RELEASE/spring-boot-2.0.2.RELEASE.jar:/home/void/.m2/repository/org/springframework/spring-context/5.0.6.RELEASE/spring-context-5.0.6.RELEASE.jar:/home/void/.m2/repository/org/springframework/spring-aop/5.0.6.RELEASE/spring-aop-5.0.6.RELEASE.jar:/home/void/.m2/repository/org/springframework/spring-expression/5.0.6.RELEASE/spring-expression-5.0.6.RELEASE.jar:/home/void/.m2/repository/org/springframework/boot/spring-boot-autoconfigure/2.0.2.RELEASE/spring-boot-autoconfigure-2.0.2.RELEASE.jar:/home/void/.m2/repository/org/springframework/boot/spring-boot-starter-logging/2.0.2.RELEASE/spring-boot-starter-logging-2.0.2.RELEASE.jar:/home/void/.m2/repository/ch/qos/logback/logback-classic/1.2.3/logback-classic-1.2.3.jar:/home/void/.m2/repository/ch/qos/logback/logback-core/1.2.3/logback-core-1.2.3.jar:/home/void/.m2/repository/org/apache/logging/log4j/log4j-to-slf4j/2.10.0/log4j-to-slf4j-2.10.0.jar:/home/void/.m2/repository/org/apache/logging/log4j/log4j-api/2.10.0/log4j-api-2.10.0.jar:/home/void/.m2/repository/org/slf4j/jul-to-slf4j/1.7.25/jul-to-slf4j-1.7.25.jar:/home/void/.m2/repository/javax/annotation/javax.annotation-api/1.3.2/javax.annotation-api-1.3.2.jar:/home/void/.m2/repository/org/yaml/snakeyaml/1.19/snakeyaml-1.19.jar:/home/void/.m2/repository/org/springframework/boot/spring-boot-starter-json/2.0.2.RELEASE/spring-boot-starter-json-2.0.2.RELEASE.jar:/home/void/.m2/repository/com/fasterxml/jackson/core/jackson-databind/2.9.5/jackson-databind-2.9.5.jar:/home/void/.m2/repository/com/fasterxml/jackson/core/jackson-annotations/2.9.0/jackson-annotations-2.9.0.jar:/home/void/.m2/repository/com/fasterxml/jackson/core/jackson-core/2.9.5/jackson-core-2.9.5.jar:/home/void/.m2/repository/com/fasterxml/jackson/datatype/jackson-datatype-jdk8/2.9.5/jackson-datatype-jdk8-2.9.5.jar:/home/void/.m2/repository/com/fasterxml/jackson/datatype/jackson-datatype-jsr310/2.9.5/jackson-datatype-jsr310-2.9.5.jar:/home/void/.m2/repository/com/fasterxml/jackson/module/jackson-module-parameter-names/2.9.5/jackson-module-parameter-names-2.9.5.jar:/home/void/.m2/repository/org/springframework/boot/spring-boot-starter-reactor-netty/2.0.2.RELEASE/spring-boot-starter-reactor-netty-2.0.2.RELEASE.jar:/home/void/.m2/repository/io/projectreactor/ipc/reactor-netty/0.7.7.RELEASE/reactor-netty-0.7.7.RELEASE.jar:/home/void/.m2/repository/io/netty/netty-codec-http/4.1.24.Final/netty-codec-http-4.1.24.Final.jar:/home/void/.m2/repository/io/netty/netty-codec/4.1.24.Final/netty-codec-4.1.24.Final.jar:/home/void/.m2/repository/io/netty/netty-handler/4.1.24.Final/netty-handler-4.1.24.Final.jar:/home/void/.m2/repository/io/netty/netty-buffer/4.1.24.Final/netty-buffer-4.1.24.Final.jar:/home/void/.m2/repository/io/netty/netty-transport/4.1.24.Final/netty-transport-4.1.24.Final.jar:/home/void/.m2/repository/io/netty/netty-resolver/4.1.24.Final/netty-resolver-4.1.24.Final.jar:/home/void/.m2/repository/io/netty/netty-handler-proxy/4.1.24.Final/netty-handler-proxy-4.1.24.Final.jar:/home/void/.m2/repository/io/netty/netty-codec-socks/4.1.24.Final/netty-codec-socks-4.1.24.Final.jar:/home/void/.m2/repository/io/netty/netty-transport-native-epoll/4.1.24.Final/netty-transport-native-epoll-4.1.24.Final-linux-x86_64.jar:/home/void/.m2/repository/io/netty/netty-common/4.1.24.Final/netty-common-4.1.24.Final.jar:/home/void/.m2/repository/io/netty/netty-transport-native-unix-common/4.1.24.Final/netty-transport-native-unix-common-4.1.24.Final.jar:/home/void/.m2/repository/org/hibernate/validator/hibernate-validator/6.0.9.Final/hibernate-validator-6.0.9.Final.jar:/home/void/.m2/repository/javax/validation/validation-api/2.0.1.Final/validation-api-2.0.1.Final.jar:/home/void/.m2/repository/org/jboss/logging/jboss-logging/3.3.2.Final/jboss-logging-3.3.2.Final.jar:/home/void/.m2/repository/com/fasterxml/classmate/1.3.4/classmate-1.3.4.jar:/home/void/.m2/repository/org/springframework/spring-web/5.0.6.RELEASE/spring-web-5.0.6.RELEASE.jar:/home/void/.m2/repository/org/springframework/spring-beans/5.0.6.RELEASE/spring-beans-5.0.6.RELEASE.jar:/home/void/.m2/repository/org/springframework/spring-webflux/5.0.6.RELEASE/spring-webflux-5.0.6.RELEASE.jar:/home/void/.m2/repository/org/synchronoss/cloud/nio-multipart-parser/1.1.0/nio-multipart-parser-1.1.0.jar:/home/void/.m2/repository/org/synchronoss/cloud/nio-stream-storage/1.1.3/nio-stream-storage-1.1.3.jar:/home/void/.m2/repository/org/springframework/boot/spring-boot-starter-test/2.0.2.RELEASE/spring-boot-starter-test-2.0.2.RELEASE.jar:/home/void/.m2/repository/org/springframework/boot/spring-boot-test/2.0.2.RELEASE/spring-boot-test-2.0.2.RELEASE.jar:/home/void/.m2/repository/org/springframework/boot/spring-boot-test-autoconfigure/2.0.2.RELEASE/spring-boot-test-autoconfigure-2.0.2.RELEASE.jar:/home/void/.m2/repository/com/jayway/jsonpath/json-path/2.4.0/json-path-2.4.0.jar:/home/void/.m2/repository/net/minidev/json-smart/2.3/json-smart-2.3.jar:/home/void/.m2/repository/net/minidev/accessors-smart/1.2/accessors-smart-1.2.jar:/home/void/.m2/repository/org/ow2/asm/asm/5.0.4/asm-5.0.4.jar:/home/void/.m2/repository/junit/junit/4.12/junit-4.12.jar:/home/void/.m2/repository/org/assertj/assertj-core/3.9.1/assertj-core-3.9.1.jar:/home/void/.m2/repository/org/mockito/mockito-core/2.15.0/mockito-core-2.15.0.jar:/home/void/.m2/repository/net/bytebuddy/byte-buddy/1.7.11/byte-buddy-1.7.11.jar:/home/void/.m2/repository/net/bytebuddy/byte-buddy-agent/1.7.11/byte-buddy-agent-1.7.11.jar:/home/void/.m2/repository/org/objenesis/objenesis/2.6/objenesis-2.6.jar:/home/void/.m2/repository/org/hamcrest/hamcrest-core/1.3/hamcrest-core-1.3.jar:/home/void/.m2/repository/org/hamcrest/hamcrest-library/1.3/hamcrest-library-1.3.jar:/home/void/.m2/repository/org/skyscreamer/jsonassert/1.5.0/jsonassert-1.5.0.jar:/home/void/.m2/repository/com/vaadin/external/google/android-json/0.0.20131108.vaadin1/android-json-0.0.20131108.vaadin1.jar:/home/void/.m2/repository/org/springframework/spring-core/5.0.6.RELEASE/spring-core-5.0.6.RELEASE.jar:/home/void/.m2/repository/org/springframework/spring-jcl/5.0.6.RELEASE/spring-jcl-5.0.6.RELEASE.jar:/home/void/.m2/repository/org/springframework/spring-test/5.0.6.RELEASE/spring-test-5.0.6.RELEASE.jar:/home/void/.m2/repository/org/xmlunit/xmlunit-core/2.5.1/xmlunit-core-2.5.1.jar:/home/void/.m2/repository/io/projectreactor/reactor-test/3.1.7.RELEASE/reactor-test-3.1.7.RELEASE.jar:/home/void/.m2/repository/io/projectreactor/reactor-core/3.1.7.RELEASE/reactor-core-3.1.7.RELEASE.jar:/home/void/.m2/repository/org/reactivestreams/reactive-streams/1.0.2/reactive-streams-1.0.2.jar:/home/void/.m2/repository/com/jongsoft/lang/collections/0.0.1/collections-0.0.1.jar:/home/void/.m2/repository/com/jongsoft/lang/commons/0.0.1/commons-0.0.1.jar:/home/void/.m2/repository/com/elypia/elypiai/path-of-exile/2.1.2/path-of-exile-2.1.2.jar:/home/void/.m2/repository/com/elypia/elypiai/common/2.1.2/common-2.1.2.jar:/home/void/.m2/repository/com/squareup/retrofit2/retrofit/2.5.0/retrofit-2.5.0.jar:/home/void/.m2/repository/com/squareup/okhttp3/okhttp/3.12.0/okhttp-3.12.0.jar:/home/void/.m2/repository/com/squareup/okio/okio/1.15.0/okio-1.15.0.jar:/home/void/.m2/repository/org/slf4j/slf4j-api/1.7.25/slf4j-api-1.7.25.jar:/home/void/.m2/repository/com/squareup/retrofit2/converter-gson/2.5.0/converter-gson-2.5.0.jar:/home/void/.m2/repository/net/kut3/json/0.3.0/json-0.3.0.jar:/home/void/.m2/repository/com/google/code/gson/gson/2.8.4/gson-2.8.4.jar:/home/void/.m2/repository/com/thoughtworks/dsl/keywords-map_sjs0.6_2.13/1.5.3+44-eb3b5144/keywords-map_sjs0.6_2.13-1.5.3+44-eb3b5144.jar:/home/void/.m2/repository/org/scala-lang/scala-library/2.13.1/scala-library-2.13.1.jar:/home/void/.m2/repository/com/thoughtworks/dsl/dsl_sjs0.6_2.13/1.5.3+44-eb3b5144/dsl_sjs0.6_2.13-1.5.3+44-eb3b5144.jar:/home/void/.m2/repository/com/thoughtworks/enableIf/enableif_2.13/1.1.7/enableif_2.13-1.1.7.jar:/home/void/.m2/repository/org/scala-lang/scala-reflect/2.13.0/scala-reflect-2.13.0.jar:/home/void/.m2/repository/org/scala-js/scalajs-library_2.13/0.6.32/scalajs-library_2.13-0.6.32.jar:"/>
    <property name="sun.cpu.endian" value="little"/>
    <property name="user.home" value="/home/void"/>
    <property name="user.language" value="en"/>
    <property name="java.specification.vendor" value="Oracle Corporation"/>
    <property name="java.home" value="/usr/lib/jvm/java-8-openjdk-amd64/jre"/>
    <property name="basedir" value="/mnt/c/Users/Modestas/Desktop/OMDB-API"/>
    <property name="file.separator" value="/"/>
    <property name="line.separator" value="&#10;"/>
    <property name="java.vm.specification.vendor" value="Oracle Corporation"/>
    <property name="java.specification.name" value="Java Platform API Specification"/>
    <property name="java.awt.graphicsenv" value="sun.awt.X11GraphicsEnvironment"/>
    <property name="surefire.real.class.path" value="/mnt/c/Users/Modestas/Desktop/OMDB-API/target/surefire/surefirebooter1373292208737337958.jar"/>
    <property name="sun.boot.class.path" value="/usr/lib/jvm/java-8-openjdk-amd64/jre/lib/resources.jar:/usr/lib/jvm/java-8-openjdk-amd64/jre/lib/rt.jar:/usr/lib/jvm/java-8-openjdk-amd64/jre/lib/sunrsasign.jar:/usr/lib/jvm/java-8-openjdk-amd64/jre/lib/jsse.jar:/usr/lib/jvm/java-8-openjdk-amd64/jre/lib/jce.jar:/usr/lib/jvm/java-8-openjdk-amd64/jre/lib/charsets.jar:/usr/lib/jvm/java-8-openjdk-amd64/jre/lib/jfr.jar:/usr/lib/jvm/java-8-openjdk-amd64/jre/classes"/>
    <property name="sun.management.compiler" value="HotSpot 64-Bit Tiered Compilers"/>
    <property name="java.runtime.version" value="1.8.0_282-8u282-b08-0ubuntu1~20.04-b08"/>
    <property name="user.name" value="void"/>
    <property name="path.separator" value=":"/>
    <property name="os.version" value="4.4.0-19041-Microsoft"/>
    <property name="java.endorsed.dirs" value="/usr/lib/jvm/java-8-openjdk-amd64/jre/lib/endorsed"/>
    <property name="java.runtime.name" value="OpenJDK Runtime Environment"/>
    <property name="file.encoding" value="UTF-8"/>
    <property name="java.vm.name" value="OpenJDK 64-Bit Server VM"/>
    <property name="localRepository" value="/home/void/.m2/repository"/>
    <property name="java.vendor.url.bug" value="http://bugreport.sun.com/bugreport/"/>
    <property name="java.io.tmpdir" value="/tmp"/>
    <property name="java.version" value="1.8.0_282"/>
    <property name="user.dir" value="/mnt/c/Users/Modestas/Desktop/OMDB-API"/>
    <property name="os.arch" value="amd64"/>
    <property name="java.vm.specification.name" value="Java Virtual Machine Specification"/>
    <property name="java.awt.printerjob" value="sun.print.PSPrinterJob"/>
    <property name="sun.os.patch.level" value="unknown"/>
    <property name="java.library.path" value="/usr/java/packages/lib/amd64:/usr/lib/x86_64-linux-gnu/jni:/lib/x86_64-linux-gnu:/usr/lib/x86_64-linux-gnu:/usr/lib/jni:/lib:/usr/lib"/>
    <property name="java.vm.info" value="mixed mode"/>
    <property name="java.vendor" value="Private Build"/>
    <property name="java.vm.version" value="25.282-b08"/>
    <property name="java.ext.dirs" value="/usr/lib/jvm/java-8-openjdk-amd64/jre/lib/ext:/usr/java/packages/lib/ext"/>
    <property name="sun.io.unicode.encoding" value="UnicodeLittle"/>
    <property name="java.class.version" value="52.0"/>
  </properties>
  <testcase name="testGetMovieById" classname="omdb.demo.webserver.service.MovieClientServiceImplTest" time="1.054"/>
  <testcase name="testGetMovieByTitle" classname="omdb.demo.webserver.service.MovieClientServiceImplTest" time="0.346"/>
  <testcase name="testGetMoviesByKeyword" classname="omdb.demo.webserver.service.MovieClientServiceImplTest" time="0.398"/>
</testsuite>